\BOOKMARK [1][-]{section*.1}{\376\377\151\202\217\360}{}% 1
\BOOKMARK [1][-]{section.1}{\376\377\211\304\122\031\213\276\213\241}{}% 2
\BOOKMARK [1][-]{section.2}{\376\377\116\343\170\001\213\276\213\241}{}% 3
\BOOKMARK [2][-]{subsection.2.1}{\376\377\165\037\142\020\150\313\166\330}{section.2}% 4
\BOOKMARK [2][-]{subsection.2.2}{\376\377\163\251\133\266\122\240\121\145}{section.2}% 5
\BOOKMARK [2][-]{subsection.2.3}{\376\377\156\070\142\017\144\315\117\134}{section.2}% 6
\BOOKMARK [2][-]{subsection.2.4}{\376\377\156\070\142\017\176\323\147\137}{section.2}% 7
\BOOKMARK [1][-]{section.3}{\376\377\133\211\121\150\140\047\122\006\147\220}{}% 8
\BOOKMARK [2][-]{subsection.3.1}{\376\377\226\217\147\072\145\160\116\247\165\037\133\211\121\150\140\047}{section.3}% 9
\BOOKMARK [2][-]{subsection.3.2}{\376\377\227\136\153\143\136\070\217\223\121\145\127\072\146\157}{section.3}% 10
\BOOKMARK [2][-]{subsection.3.3}{\376\377\217\154\215\046}{section.3}% 11
\BOOKMARK [2][-]{subsection.3.4}{\376\377\173\227\147\057\174\276\136\246\225\356\230\230}{section.3}% 12
\BOOKMARK [2][-]{subsection.3.5}{\376\377\220\177\121\115\124\010\176\246\124\036\224\261\000\040\000[\0002\000]\155\373\122\240\116\216\0002\0000\0002\0001\000.\0001\0002\000.\0007\000\040}{section.3}% 13
\BOOKMARK [1][-]{section.4}{\376\377\220\350\177\162\217\307\172\013}{}% 14
\BOOKMARK [1][-]{section.5}{\376\377\155\113\213\325\116\016\122\006\147\220}{}% 15
\BOOKMARK [2][-]{subsection.5.1}{\376\377\215\142\137\227\156\070\142\017\150\110\117\213\134\125\171\072}{section.5}% 16
\BOOKMARK [2][-]{subsection.5.2}{\376\377\116\015\124\010\154\325\144\315\117\134\150\110\117\213\134\125\171\072}{section.5}% 17
\BOOKMARK [3][-]{subsubsection.5.2.1}{\376\377\000S\000t\000a\000k\000e\213\276\177\156\217\307\117\116}{subsection.5.2}% 18
\BOOKMARK [3][-]{subsubsection.5.2.2}{\376\377\147\052\122\035\131\313\123\026\150\313\166\330}{subsection.5.2}% 19
\BOOKMARK [3][-]{subsubsection.5.2.3}{\376\377\137\000\136\125\226\367\121\373}{subsection.5.2}% 20
\BOOKMARK [3][-]{subsubsection.5.2.4}{\376\377\116\015\124\010\154\325\116\113\116\272\122\240\121\145\156\070\142\017}{subsection.5.2}% 21
\BOOKMARK [3][-]{subsubsection.5.2.5}{\376\377\142\077\225\364\135\362\156\341}{subsection.5.2}% 22
\BOOKMARK [3][-]{subsubsection.5.2.6}{\376\377\217\223\121\145\203\003\126\364\225\031\213\357}{subsection.5.2}% 23
\BOOKMARK [3][-]{subsubsection.5.2.7}{\376\377\221\315\131\015\142\123\137\000\116\000\116\052\150\074\133\120}{subsection.5.2}% 24
\BOOKMARK [3][-]{subsubsection.5.2.8}{\376\377\156\070\142\017\135\362\176\317\176\323\147\137}{subsection.5.2}% 25
\BOOKMARK [1][-]{section.6}{\376\377\145\071\217\333\140\035\215\357\134\125\147\033}{}% 26
\BOOKMARK [2][-]{subsection.6.1}{\376\377\221\115\131\007\122\115\172\357}{section.6}% 27
\BOOKMARK [2][-]{subsection.6.2}{\376\377\133\211\121\150\140\047\145\071\217\333}{section.6}% 28
\BOOKMARK [1][-]{section.7}{\376\377\156\220\170\001\123\312\154\350\221\312}{}% 29
\BOOKMARK [2][-]{subsection.7.1}{\376\377\173\054\116\000\116\052\124\010\176\246\040\024\040\024\000M\000i\000n\000e\000S\000w\000e\000e\000p\000e\000r\000.\000s\000o\000l}{section.7}% 30
\BOOKMARK [2][-]{subsection.7.2}{\376\377\173\054\116\214\116\052\124\010\176\246\040\024\040\024\000P\000l\000a\000y\000e\000r\000.\000s\000o\000l}{section.7}% 31
